{"name": "test_square_numbers", "status": "failed", "statusDetails": {"message": "AssertionError: assert 20 == (10 ** 2)", "trace": "self = <DemoThirdTest.test_stop.TestMath object at 0x000002A2379ED590>\n\n    def test_square_numbers(self):\n        num = 10\n        result = num + num\n>       assert  result == num ** 2\nE       assert 20 == (10 ** 2)\n\nDemoThirdTest\\test_stop.py:14: AssertionError"}, "start": 1754971611364, "stop": 1754971611365, "uuid": "ce71a431-7672-4fa2-903f-e66a79b82d25", "historyId": "c709fa4a52170ee4dae025e9a17e2e2c", "testCaseId": "c709fa4a52170ee4dae025e9a17e2e2c", "fullName": "DemoThirdTest.test_stop.TestMath#test_square_numbers", "labels": [{"name": "parentSuite", "value": "DemoThirdTest"}, {"name": "suite", "value": "test_stop"}, {"name": "subSuite", "value": "TestMath"}, {"name": "host", "value": "DESKTOP-0LJMU54"}, {"name": "thread", "value": "19604-MainThread"}, {"name": "framework", "value": "pytest"}, {"name": "language", "value": "cpython3"}, {"name": "package", "value": "DemoThirdTest.test_stop"}], "titlePath": ["DemoThirdTest", "test_stop.py", "TestMath"]}