{"name": "test_run_false", "status": "failed", "statusDetails": {"message": "AssertionError: assert 20 == (10 ** 2)", "trace": "self = <DemoThirdTest.test_stop.TestMath object at 0x000002A237965CD0>\n\n    def test_run_false(self):\n        num = 10\n        result = num + num\n>       assert  result == num ** 2\nE       assert 20 == (10 ** 2)\n\nDemoThirdTest\\test_stop.py:20: AssertionError"}, "start": 1754971611386, "stop": 1754971611387, "uuid": "826defa8-75d3-4036-84e5-0d638f41a740", "historyId": "015bd1115a362481c79b2cd9a895f894", "testCaseId": "015bd1115a362481c79b2cd9a895f894", "fullName": "DemoThirdTest.test_stop.TestMath#test_run_false", "labels": [{"name": "parentSuite", "value": "DemoThirdTest"}, {"name": "suite", "value": "test_stop"}, {"name": "subSuite", "value": "TestMath"}, {"name": "host", "value": "DESKTOP-0LJMU54"}, {"name": "thread", "value": "19604-MainThread"}, {"name": "framework", "value": "pytest"}, {"name": "language", "value": "cpython3"}, {"name": "package", "value": "DemoThirdTest.test_stop"}], "titlePath": ["DemoThirdTest", "test_stop.py", "TestMath"]}